
*** Running vivado
    with args -log sample_generator_v1_0.vds -m64 -product Vivado -mode batch -messageDb vivado.pb -notrace -source sample_generator_v1_0.tcl


****** Vivado v2019.2 (64-bit)
  **** SW Build 2700185 on Thu Oct 24 18:45:48 MDT 2019
  **** IP Build 2699827 on Thu Oct 24 21:16:38 MDT 2019
    ** Copyright 1986-2019 Xilinx, Inc. All Rights Reserved.

source sample_generator_v1_0.tcl -notrace
INFO: [IP_Flow 19-234] Refreshing IP repositories
INFO: [IP_Flow 19-1700] Loaded user IP repository '/home/jaehee2/Documents/gitrepos/fpga/sample_generator/ip_repo'.
INFO: [IP_Flow 19-2313] Loaded Vivado IP repository '/opt/Xilinx/Vivado/2019.2/data/ip'.
WARNING: [filemgmt 56-99] Vivado Synthesis ignores library specification for Verilog or SystemVerilog files. [/home/jaehee2/Documents/gitrepos/fpga/sample_generator/ip_repo/sample_generator_1.0/hdl/sample_generator_v1_0_M_AXIS.v:]
WARNING: [filemgmt 56-99] Vivado Synthesis ignores library specification for Verilog or SystemVerilog files. [/home/jaehee2/Documents/gitrepos/fpga/sample_generator/ip_repo/sample_generator_1.0/hdl/sample_generator_v1_0.v:]
Command: synth_design -top sample_generator_v1_0 -part xc7z020clg484-1
Starting synth_design
Attempting to get a license for feature 'Synthesis' and/or device 'xc7z020'
INFO: [Common 17-349] Got license for feature 'Synthesis' and/or device 'xc7z020'
INFO: Launching helper process for spawning children vivado processes
INFO: Helper process launched with PID 24306 
---------------------------------------------------------------------------------
Starting Synthesize : Time (s): cpu = 00:00:04 ; elapsed = 00:00:05 . Memory (MB): peak = 1721.340 ; gain = 213.570 ; free physical = 1921 ; free virtual = 8845
---------------------------------------------------------------------------------
INFO: [Synth 8-6157] synthesizing module 'sample_generator_v1_0' [/home/jaehee2/Documents/gitrepos/fpga/sample_generator/ip_repo/sample_generator_1.0/hdl/sample_generator_v1_0.v:4]
	Parameter C_S_AXIS_TDATA_WIDTH bound to: 32 - type: integer 
	Parameter C_M_AXIS_TDATA_WIDTH bound to: 32 - type: integer 
	Parameter C_M_AXIS_START_COUNT bound to: 32 - type: integer 
INFO: [Synth 8-6157] synthesizing module 'sample_generator_v1_0_M_AXIS' [/home/jaehee2/Documents/gitrepos/fpga/sample_generator/ip_repo/sample_generator_1.0/hdl/sample_generator_v1_0_M_AXIS.v:4]
	Parameter C_M_AXIS_TDATA_WIDTH bound to: 32 - type: integer 
	Parameter C_M_START_COUNT bound to: 32 - type: integer 
INFO: [Synth 8-6155] done synthesizing module 'sample_generator_v1_0_M_AXIS' (1#1) [/home/jaehee2/Documents/gitrepos/fpga/sample_generator/ip_repo/sample_generator_1.0/hdl/sample_generator_v1_0_M_AXIS.v:4]
WARNING: [Synth 8-689] width (1) of port connection 'M_AXIS_TDATA' does not match port width (32) of module 'sample_generator_v1_0_M_AXIS' [/home/jaehee2/Documents/gitrepos/fpga/sample_generator/ip_repo/sample_generator_1.0/hdl/sample_generator_v1_0.v:69]
WARNING: [Synth 8-689] width (1) of port connection 'M_AXIS_TSTRB' does not match port width (4) of module 'sample_generator_v1_0_M_AXIS' [/home/jaehee2/Documents/gitrepos/fpga/sample_generator/ip_repo/sample_generator_1.0/hdl/sample_generator_v1_0.v:70]
WARNING: [Synth 8-3848] Net m_axis_treadyW in module/entity sample_generator_v1_0 does not have driver. [/home/jaehee2/Documents/gitrepos/fpga/sample_generator/ip_repo/sample_generator_1.0/hdl/sample_generator_v1_0.v:72]
INFO: [Synth 8-6155] done synthesizing module 'sample_generator_v1_0' (2#1) [/home/jaehee2/Documents/gitrepos/fpga/sample_generator/ip_repo/sample_generator_1.0/hdl/sample_generator_v1_0.v:4]
WARNING: [Synth 8-3331] design sample_generator_v1_0 has unconnected port s_axis_aclk
WARNING: [Synth 8-3331] design sample_generator_v1_0 has unconnected port s_axis_aresetn
---------------------------------------------------------------------------------
Finished Synthesize : Time (s): cpu = 00:00:05 ; elapsed = 00:00:06 . Memory (MB): peak = 1783.090 ; gain = 275.320 ; free physical = 1978 ; free virtual = 8885
---------------------------------------------------------------------------------
---------------------------------------------------------------------------------
Finished Constraint Validation : Time (s): cpu = 00:00:05 ; elapsed = 00:00:06 . Memory (MB): peak = 1783.090 ; gain = 275.320 ; free physical = 1993 ; free virtual = 8900
---------------------------------------------------------------------------------
---------------------------------------------------------------------------------
Start Loading Part and Timing Information
---------------------------------------------------------------------------------
Loading part: xc7z020clg484-1
---------------------------------------------------------------------------------
Finished Loading Part and Timing Information : Time (s): cpu = 00:00:05 ; elapsed = 00:00:06 . Memory (MB): peak = 1791.094 ; gain = 283.324 ; free physical = 1993 ; free virtual = 8900
---------------------------------------------------------------------------------
INFO: [Device 21-403] Loading part xc7z020clg484-1
---------------------------------------------------------------------------------
Finished RTL Optimization Phase 2 : Time (s): cpu = 00:00:05 ; elapsed = 00:00:07 . Memory (MB): peak = 1800.000 ; gain = 292.230 ; free physical = 1984 ; free virtual = 8891
---------------------------------------------------------------------------------

Report RTL Partitions: 
+-+--------------+------------+----------+
| |RTL Partition |Replication |Instances |
+-+--------------+------------+----------+
+-+--------------+------------+----------+
No constraint files found.
---------------------------------------------------------------------------------
Start RTL Component Statistics 
---------------------------------------------------------------------------------
Detailed RTL Component Info : 
+---Adders : 
	   2 Input     32 Bit       Adders := 1     
	   2 Input      8 Bit       Adders := 2     
+---Registers : 
	                8 Bit    Registers := 2     
	                1 Bit    Registers := 2     
+---Muxes : 
	   2 Input     32 Bit        Muxes := 1     
	   2 Input      4 Bit        Muxes := 1     
	   2 Input      1 Bit        Muxes := 5     
---------------------------------------------------------------------------------
Finished RTL Component Statistics 
---------------------------------------------------------------------------------
---------------------------------------------------------------------------------
Start RTL Hierarchical Component Statistics 
---------------------------------------------------------------------------------
Hierarchical RTL Component report 
Module sample_generator_v1_0 
Detailed RTL Component Info : 
+---Muxes : 
	   2 Input     32 Bit        Muxes := 1     
	   2 Input      4 Bit        Muxes := 1     
	   2 Input      1 Bit        Muxes := 2     
Module sample_generator_v1_0_M_AXIS 
Detailed RTL Component Info : 
+---Adders : 
	   2 Input     32 Bit       Adders := 1     
	   2 Input      8 Bit       Adders := 2     
+---Registers : 
	                8 Bit    Registers := 2     
	                1 Bit    Registers := 2     
+---Muxes : 
	   2 Input      1 Bit        Muxes := 3     
---------------------------------------------------------------------------------
Finished RTL Hierarchical Component Statistics
---------------------------------------------------------------------------------
---------------------------------------------------------------------------------
Start Part Resource Summary
---------------------------------------------------------------------------------
Part Resources:
DSPs: 220 (col length:60)
BRAMs: 280 (col length: RAMB18 60 RAMB36 30)
---------------------------------------------------------------------------------
Finished Part Resource Summary
---------------------------------------------------------------------------------
No constraint files found.
---------------------------------------------------------------------------------
Start Cross Boundary and Area Optimization
---------------------------------------------------------------------------------
Warning: Parallel synthesis criteria is not met 
WARNING: [Synth 8-3331] design sample_generator_v1_0 has unconnected port s_axis_aclk
WARNING: [Synth 8-3331] design sample_generator_v1_0 has unconnected port s_axis_aresetn
INFO: [Synth 8-3333] propagating constant 1 across sequential element (\sample_generator_v1_0_M_AXIS_inst/packetCounter0_inferred /\sample_generator_v1_0_M_AXIS_inst/packetCounter_reg[2] )
INFO: [Synth 8-3333] propagating constant 1 across sequential element (\sample_generator_v1_0_M_AXIS_inst/packetCounter0_inferred /\sample_generator_v1_0_M_AXIS_inst/packetCounter_reg[1] )
INFO: [Synth 8-3333] propagating constant 1 across sequential element (\sample_generator_v1_0_M_AXIS_inst/packetCounter0_inferred /\sample_generator_v1_0_M_AXIS_inst/packetCounter_reg[0] )
INFO: [Synth 8-3333] propagating constant 1 across sequential element (\sample_generator_v1_0_M_AXIS_inst/packetCounter0_inferred /\sample_generator_v1_0_M_AXIS_inst/packetCounter_reg[3] )
INFO: [Synth 8-3333] propagating constant 1 across sequential element (\sample_generator_v1_0_M_AXIS_inst/packetCounter0_inferred /\sample_generator_v1_0_M_AXIS_inst/packetCounter_reg[4] )
INFO: [Synth 8-3333] propagating constant 1 across sequential element (\sample_generator_v1_0_M_AXIS_inst/packetCounter0_inferred /\sample_generator_v1_0_M_AXIS_inst/packetCounter_reg[5] )
INFO: [Synth 8-3333] propagating constant 1 across sequential element (\sample_generator_v1_0_M_AXIS_inst/packetCounter0_inferred /\sample_generator_v1_0_M_AXIS_inst/packetCounter_reg[6] )
INFO: [Synth 8-3333] propagating constant 1 across sequential element (\sample_generator_v1_0_M_AXIS_inst/packetCounter0_inferred /\sample_generator_v1_0_M_AXIS_inst/packetCounter_reg[7] )
INFO: [Synth 8-3333] propagating constant 0 across sequential element (i_4/\sample_generator_v1_0_M_AXIS_inst/counterR_reg[0] )
---------------------------------------------------------------------------------
Finished Cross Boundary and Area Optimization : Time (s): cpu = 00:00:09 ; elapsed = 00:00:12 . Memory (MB): peak = 1950.320 ; gain = 442.551 ; free physical = 1871 ; free virtual = 8684
---------------------------------------------------------------------------------

Report RTL Partitions: 
+-+--------------+------------+----------+
| |RTL Partition |Replication |Instances |
+-+--------------+------------+----------+
+-+--------------+------------+----------+
No constraint files found.
---------------------------------------------------------------------------------
Start Timing Optimization
---------------------------------------------------------------------------------
---------------------------------------------------------------------------------
Finished Timing Optimization : Time (s): cpu = 00:00:10 ; elapsed = 00:00:13 . Memory (MB): peak = 1950.320 ; gain = 442.551 ; free physical = 1869 ; free virtual = 8682
---------------------------------------------------------------------------------

Report RTL Partitions: 
+-+--------------+------------+----------+
| |RTL Partition |Replication |Instances |
+-+--------------+------------+----------+
+-+--------------+------------+----------+
---------------------------------------------------------------------------------
Start Technology Mapping
---------------------------------------------------------------------------------
---------------------------------------------------------------------------------
Finished Technology Mapping : Time (s): cpu = 00:00:10 ; elapsed = 00:00:13 . Memory (MB): peak = 1950.320 ; gain = 442.551 ; free physical = 1869 ; free virtual = 8682
---------------------------------------------------------------------------------

Report RTL Partitions: 
+-+--------------+------------+----------+
| |RTL Partition |Replication |Instances |
+-+--------------+------------+----------+
+-+--------------+------------+----------+
---------------------------------------------------------------------------------
Start IO Insertion
---------------------------------------------------------------------------------
---------------------------------------------------------------------------------
Start Flattening Before IO Insertion
---------------------------------------------------------------------------------
---------------------------------------------------------------------------------
Finished Flattening Before IO Insertion
---------------------------------------------------------------------------------
---------------------------------------------------------------------------------
Start Final Netlist Cleanup
---------------------------------------------------------------------------------
---------------------------------------------------------------------------------
Finished Final Netlist Cleanup
---------------------------------------------------------------------------------
---------------------------------------------------------------------------------
Finished IO Insertion : Time (s): cpu = 00:00:13 ; elapsed = 00:00:16 . Memory (MB): peak = 1950.320 ; gain = 442.551 ; free physical = 1854 ; free virtual = 8677
---------------------------------------------------------------------------------
---------------------------------------------------------------------------------
Start Renaming Generated Instances
---------------------------------------------------------------------------------
---------------------------------------------------------------------------------
Finished Renaming Generated Instances : Time (s): cpu = 00:00:13 ; elapsed = 00:00:16 . Memory (MB): peak = 1950.320 ; gain = 442.551 ; free physical = 1854 ; free virtual = 8677
---------------------------------------------------------------------------------

Report RTL Partitions: 
+-+--------------+------------+----------+
| |RTL Partition |Replication |Instances |
+-+--------------+------------+----------+
+-+--------------+------------+----------+

Report Check Netlist: 
+------+------------------+-------+---------+-------+------------------+
|      |Item              |Errors |Warnings |Status |Description       |
+------+------------------+-------+---------+-------+------------------+
|1     |multi_driven_nets |      0|        0|Passed |Multi driven nets |
+------+------------------+-------+---------+-------+------------------+
---------------------------------------------------------------------------------
Start Rebuilding User Hierarchy
---------------------------------------------------------------------------------
---------------------------------------------------------------------------------
Finished Rebuilding User Hierarchy : Time (s): cpu = 00:00:13 ; elapsed = 00:00:16 . Memory (MB): peak = 1950.320 ; gain = 442.551 ; free physical = 1854 ; free virtual = 8677
---------------------------------------------------------------------------------
---------------------------------------------------------------------------------
Start Renaming Generated Ports
---------------------------------------------------------------------------------
---------------------------------------------------------------------------------
Finished Renaming Generated Ports : Time (s): cpu = 00:00:13 ; elapsed = 00:00:16 . Memory (MB): peak = 1950.320 ; gain = 442.551 ; free physical = 1854 ; free virtual = 8677
---------------------------------------------------------------------------------
---------------------------------------------------------------------------------
Start Handling Custom Attributes
---------------------------------------------------------------------------------
---------------------------------------------------------------------------------
Finished Handling Custom Attributes : Time (s): cpu = 00:00:13 ; elapsed = 00:00:16 . Memory (MB): peak = 1950.320 ; gain = 442.551 ; free physical = 1854 ; free virtual = 8677
---------------------------------------------------------------------------------
---------------------------------------------------------------------------------
Start Renaming Generated Nets
---------------------------------------------------------------------------------
---------------------------------------------------------------------------------
Finished Renaming Generated Nets : Time (s): cpu = 00:00:13 ; elapsed = 00:00:16 . Memory (MB): peak = 1950.320 ; gain = 442.551 ; free physical = 1854 ; free virtual = 8677
---------------------------------------------------------------------------------
---------------------------------------------------------------------------------
Start Writing Synthesis Report
---------------------------------------------------------------------------------

Report BlackBoxes: 
+-+--------------+----------+
| |BlackBox name |Instances |
+-+--------------+----------+
+-+--------------+----------+

Report Cell Usage: 
+------+-------+------+
|      |Cell   |Count |
+------+-------+------+
|1     |BUFG   |     1|
|2     |CARRY4 |     3|
|3     |LUT1   |     2|
|4     |LUT2   |    38|
|5     |LUT3   |    14|
|6     |LUT4   |     3|
|7     |LUT5   |     1|
|8     |LUT6   |     5|
|9     |FDRE   |    10|
|10    |IBUF   |    51|
|11    |OBUF   |    39|
+------+-------+------+

Report Instance Areas: 
+------+------------------------------------+-----------------------------+------+
|      |Instance                            |Module                       |Cells |
+------+------------------------------------+-----------------------------+------+
|1     |top                                 |                             |   167|
|2     |  sample_generator_v1_0_M_AXIS_inst |sample_generator_v1_0_M_AXIS |    40|
+------+------------------------------------+-----------------------------+------+
---------------------------------------------------------------------------------
Finished Writing Synthesis Report : Time (s): cpu = 00:00:13 ; elapsed = 00:00:16 . Memory (MB): peak = 1950.320 ; gain = 442.551 ; free physical = 1854 ; free virtual = 8677
---------------------------------------------------------------------------------
Synthesis finished with 0 errors, 0 critical warnings and 7 warnings.
Synthesis Optimization Runtime : Time (s): cpu = 00:00:13 ; elapsed = 00:00:16 . Memory (MB): peak = 1950.320 ; gain = 442.551 ; free physical = 1856 ; free virtual = 8679
Synthesis Optimization Complete : Time (s): cpu = 00:00:13 ; elapsed = 00:00:16 . Memory (MB): peak = 1950.328 ; gain = 442.551 ; free physical = 1856 ; free virtual = 8679
INFO: [Project 1-571] Translating synthesized netlist
Netlist sorting complete. Time (s): cpu = 00:00:00 ; elapsed = 00:00:00 . Memory (MB): peak = 1957.258 ; gain = 0.000 ; free physical = 1898 ; free virtual = 8730
INFO: [Netlist 29-17] Analyzing 3 Unisim elements for replacement
INFO: [Netlist 29-28] Unisim Transformation completed in 0 CPU seconds
INFO: [Project 1-570] Preparing netlist for logic optimization
INFO: [Opt 31-138] Pushed 0 inverter(s) to 0 load pin(s).
Netlist sorting complete. Time (s): cpu = 00:00:00 ; elapsed = 00:00:00 . Memory (MB): peak = 2090.004 ; gain = 0.000 ; free physical = 1839 ; free virtual = 8652
INFO: [Project 1-111] Unisim Transformation Summary:
No Unisim elements were transformed.

INFO: [Common 17-83] Releasing license: Synthesis
25 Infos, 9 Warnings, 0 Critical Warnings and 0 Errors encountered.
synth_design completed successfully
synth_design: Time (s): cpu = 00:00:18 ; elapsed = 00:00:22 . Memory (MB): peak = 2090.004 ; gain = 582.352 ; free physical = 1975 ; free virtual = 8788
Netlist sorting complete. Time (s): cpu = 00:00:00 ; elapsed = 00:00:00 . Memory (MB): peak = 2090.004 ; gain = 0.000 ; free physical = 1975 ; free virtual = 8788
WARNING: [Constraints 18-5210] No constraints selected for write.
Resolution: This message can indicate that there are no constraints for the design, or it can indicate that the used_in flags are set such that the constraints are ignored. This later case is used when running synth_design to not write synthesis constraints to the resulting checkpoint. Instead, project constraints are read when the synthesized design is opened.
INFO: [Common 17-1381] The checkpoint '/home/jaehee2/Documents/gitrepos/fpga/sample_generator/project_2/project_2.tmp/sample_generator_v1_0_project/sample_generator_v1_0_project.runs/synth_1/sample_generator_v1_0.dcp' has been generated.
INFO: [runtcl-4] Executing : report_utilization -file sample_generator_v1_0_utilization_synth.rpt -pb sample_generator_v1_0_utilization_synth.pb
INFO: [Common 17-206] Exiting Vivado at Sat Mar 14 10:50:36 2020...
