Copyright 1986-2019 Xilinx, Inc. All Rights Reserved.
------------------------------------------------------------------------------------
| Tool Version : Vivado v.2019.2 (lin64) Build 2700185 Thu Oct 24 18:45:48 MDT 2019
| Date         : Mon Mar 16 07:51:16 2020
| Host         : jaehee2-tp running 64-bit Ubuntu 19.04
| Command      : upgrade_ip
| Device       : xc7z020clg484-1
------------------------------------------------------------------------------------

Upgrade Log for IP 'design_1_sample_generator_0_0'

1. Summary
----------

SUCCESS in the upgrade of design_1_sample_generator_0_0 (user.org:user:sample_generator:1.0) from (Rev. 10) to (Rev. 11)






Copyright 1986-2019 Xilinx, Inc. All Rights Reserved.
------------------------------------------------------------------------------------
| Tool Version : Vivado v.2019.2 (lin64) Build 2700185 Thu Oct 24 18:45:48 MDT 2019
| Date         : Sun Mar 15 19:54:08 2020
| Host         : jaehee2-tp running 64-bit Ubuntu 19.04
| Command      : upgrade_ip
| Device       : xc7z020clg484-1
------------------------------------------------------------------------------------

Upgrade Log for IP 'design_1_sample_generator_0_0'

1. Summary
----------

SUCCESS in the upgrade of design_1_sample_generator_0_0 (user.org:user:sample_generator:1.0) from (Rev. 9) to (Rev. 10)






Copyright 1986-2019 Xilinx, Inc. All Rights Reserved.
------------------------------------------------------------------------------------
| Tool Version : Vivado v.2019.2 (lin64) Build 2700185 Thu Oct 24 18:45:48 MDT 2019
| Date         : Sun Mar 15 19:41:06 2020
| Host         : jaehee2-tp running 64-bit Ubuntu 19.04
| Command      : upgrade_ip
| Device       : xc7z020clg484-1
------------------------------------------------------------------------------------

Upgrade Log for IP 'design_1_sample_generator_0_0'

1. Summary
----------

SUCCESS in the upgrade of design_1_sample_generator_0_0 (user.org:user:sample_generator:1.0) from (Rev. 8) to (Rev. 9)






Copyright 1986-2019 Xilinx, Inc. All Rights Reserved.
------------------------------------------------------------------------------------
| Tool Version : Vivado v.2019.2 (lin64) Build 2700185 Thu Oct 24 18:45:48 MDT 2019
| Date         : Sun Mar 15 18:11:34 2020
| Host         : jaehee2-tp running 64-bit Ubuntu 19.04
| Command      : upgrade_ip
| Device       : xc7z020clg484-1
------------------------------------------------------------------------------------

Upgrade Log for IP 'design_1_sample_generator_0_0'

1. Summary
----------

SUCCESS in the conversion of design_1_sample_generator_0_0 (user.org:user:sample_generator:1.0 (Rev. 8)) to Vivado generation flows.






Copyright 1986-2019 Xilinx, Inc. All Rights Reserved.
------------------------------------------------------------------------------------
| Tool Version : Vivado v.2019.2 (lin64) Build 2700185 Thu Oct 24 18:45:48 MDT 2019
| Date         : Sun Mar 15 18:10:26 2020
| Host         : jaehee2-tp running 64-bit Ubuntu 19.04
| Command      : upgrade_ip
| Device       : xc7z020clg484-1
------------------------------------------------------------------------------------

Upgrade Log for IP 'design_1_sample_generator_0_0'

1. Summary
----------

SUCCESS in the upgrade of design_1_sample_generator_0_0 (user.org:user:sample_generator:1.0) from (Rev. 7) to (Rev. 8)






Copyright 1986-2019 Xilinx, Inc. All Rights Reserved.
------------------------------------------------------------------------------------
| Tool Version : Vivado v.2019.2 (lin64) Build 2700185 Thu Oct 24 18:45:48 MDT 2019
| Date         : Sun Mar 15 17:57:57 2020
| Host         : jaehee2-tp running 64-bit Ubuntu 19.04
| Command      : upgrade_ip
| Device       : xc7z020clg484-1
------------------------------------------------------------------------------------

Upgrade Log for IP 'design_1_sample_generator_0_0'

1. Summary
----------

CAUTION (success, with warnings) in the upgrade of design_1_sample_generator_0_0 (user.org:user:sample_generator:1.0) from (Rev. 6) to (Rev. 7)

After upgrade, an IP may have parameter and port differences compared to the original customization. Please review the parameters within the IP customization GUI to ensure proper functionality. Also, please review the updated IP instantiation template to ensure proper connectivity, and update your design if required.

2. Connection Warnings
----------------------

Detected external port differences while upgrading 'design_1_sample_generator_0_0'. These changes may impact your design.


-Upgraded port 'FrameSize' width 32 differs from original width 8







Copyright 1986-2019 Xilinx, Inc. All Rights Reserved.
------------------------------------------------------------------------------------
| Tool Version : Vivado v.2019.2 (lin64) Build 2700185 Thu Oct 24 18:45:48 MDT 2019
| Date         : Sun Mar 15 17:56:46 2020
| Host         : jaehee2-tp running 64-bit Ubuntu 19.04
| Command      : upgrade_ip
| Device       : xc7z020clg484-1
------------------------------------------------------------------------------------

Upgrade Log for IP 'design_1_sample_generator_0_0'

1. Summary
----------

SUCCESS in the conversion of design_1_sample_generator_0_0 (user.org:user:sample_generator:1.0 (Rev. 6)) to Vivado generation flows.






Copyright 1986-2019 Xilinx, Inc. All Rights Reserved.
------------------------------------------------------------------------------------
| Tool Version : Vivado v.2019.2 (lin64) Build 2700185 Thu Oct 24 18:45:48 MDT 2019
| Date         : Sun Mar 15 17:49:37 2020
| Host         : jaehee2-tp running 64-bit Ubuntu 19.04
| Command      : upgrade_ip
| Device       : xc7z020clg484-1
------------------------------------------------------------------------------------

Upgrade Log for IP 'design_1_sample_generator_0_0'

1. Summary
----------

SUCCESS in the upgrade of design_1_sample_generator_0_0 (user.org:user:sample_generator:1.0) from (Rev. 5) to (Rev. 6)






Copyright 1986-2019 Xilinx, Inc. All Rights Reserved.
------------------------------------------------------------------------------------
| Tool Version : Vivado v.2019.2 (lin64) Build 2700185 Thu Oct 24 18:45:48 MDT 2019
| Date         : Sun Mar 15 17:37:31 2020
| Host         : jaehee2-tp running 64-bit Ubuntu 19.04
| Command      : upgrade_ip
| Device       : xc7z020clg484-1
------------------------------------------------------------------------------------

Upgrade Log for IP 'design_1_sample_generator_0_0'

1. Summary
----------

SUCCESS in the upgrade of design_1_sample_generator_0_0 (user.org:user:sample_generator:1.0) from (Rev. 4) to (Rev. 5)






Copyright 1986-2019 Xilinx, Inc. All Rights Reserved.
------------------------------------------------------------------------------------
| Tool Version : Vivado v.2019.2 (lin64) Build 2700185 Thu Oct 24 18:45:48 MDT 2019
| Date         : Sun Mar 15 17:31:16 2020
| Host         : jaehee2-tp running 64-bit Ubuntu 19.04
| Command      : upgrade_ip
| Device       : xc7z020clg484-1
------------------------------------------------------------------------------------

Upgrade Log for IP 'design_1_sample_generator_0_0'

1. Summary
----------

SUCCESS in the upgrade of design_1_sample_generator_0_0 (user.org:user:sample_generator:1.0) from (Rev. 3) to (Rev. 4)






Copyright 1986-2019 Xilinx, Inc. All Rights Reserved.
------------------------------------------------------------------------------------
| Tool Version : Vivado v.2019.2 (lin64) Build 2700185 Thu Oct 24 18:45:48 MDT 2019
| Date         : Sun Mar 15 11:24:17 2020
| Host         : jaehee2-tp running 64-bit Ubuntu 19.04
| Command      : upgrade_ip
| Device       : xc7z020clg484-1
------------------------------------------------------------------------------------

Upgrade Log for IP 'design_1_sample_generator_0_0'

1. Summary
----------

SUCCESS in the conversion of design_1_sample_generator_0_0 (user.org:user:sample_generator:1.0 (Rev. 3)) to Vivado generation flows.






Copyright 1986-2019 Xilinx, Inc. All Rights Reserved.
------------------------------------------------------------------------------------
| Tool Version : Vivado v.2019.2 (lin64) Build 2700185 Thu Oct 24 18:45:48 MDT 2019
| Date         : Sun Mar 15 08:49:04 2020
| Host         : jaehee2-tp running 64-bit Ubuntu 19.04
| Command      : upgrade_ip
| Device       : xc7z020clg484-1
------------------------------------------------------------------------------------

Upgrade Log for IP 'design_1_sample_generator_0_0'

1. Summary
----------

SUCCESS in the conversion of design_1_sample_generator_0_0 (user.org:user:sample_generator:1.0 (Rev. 3)) to Vivado generation flows.






Copyright 1986-2019 Xilinx, Inc. All Rights Reserved.
------------------------------------------------------------------------------------
| Tool Version : Vivado v.2019.2 (lin64) Build 2700185 Thu Oct 24 18:45:48 MDT 2019
| Date         : Sun Mar 15 08:28:11 2020
| Host         : jaehee2-tp running 64-bit Ubuntu 19.04
| Command      : upgrade_ip
| Device       : xc7z020clg484-1
------------------------------------------------------------------------------------

Upgrade Log for IP 'design_1_sample_generator_0_0'

1. Summary
----------

SUCCESS in the conversion of design_1_sample_generator_0_0 (user.org:user:sample_generator:1.0 (Rev. 3)) to Vivado generation flows.






Copyright 1986-2019 Xilinx, Inc. All Rights Reserved.
------------------------------------------------------------------------------------
| Tool Version : Vivado v.2019.2 (lin64) Build 2700185 Thu Oct 24 18:45:48 MDT 2019
| Date         : Sun Mar 15 08:16:19 2020
| Host         : jaehee2-tp running 64-bit Ubuntu 19.04
| Command      : upgrade_ip
| Device       : xc7z020clg484-1
------------------------------------------------------------------------------------

Upgrade Log for IP 'design_1_sample_generator_0_0'

1. Summary
----------

SUCCESS in the conversion of design_1_sample_generator_0_0 (user.org:user:sample_generator:1.0 (Rev. 3)) to Vivado generation flows.






Copyright 1986-2019 Xilinx, Inc. All Rights Reserved.
------------------------------------------------------------------------------------
| Tool Version : Vivado v.2019.2 (lin64) Build 2700185 Thu Oct 24 18:45:48 MDT 2019
| Date         : Sat Mar 14 10:50:51 2020
| Host         : jaehee2-tp running 64-bit Ubuntu 19.04
| Command      : upgrade_ip
| Device       : xc7z020clg484-1
------------------------------------------------------------------------------------

Upgrade Log for IP 'design_1_sample_generator_0_0'

1. Summary
----------

CAUTION (success, with warnings) in the conversion of design_1_sample_generator_0_0 (user.org:user:sample_generator:1.0 (Rev. 3)) to Vivado generation flows.

After upgrade, an IP may have parameter and port differences compared to the original customization. Please review the parameters within the IP customization GUI to ensure proper functionality. Also, please review the updated IP instantiation template to ensure proper connectivity, and update your design if required.

2. Connection Warnings
----------------------

Detected external port differences while upgrading 'design_1_sample_generator_0_0'. These changes may impact your design.


-Upgrade has added port 'AXI_En'

-Upgrade has added port 'En'

-Upgrade has added port 'FrameSize'







Copyright 1986-2019 Xilinx, Inc. All Rights Reserved.
------------------------------------------------------------------------------------
| Tool Version : Vivado v.2019.2 (lin64) Build 2700185 Thu Oct 24 18:45:48 MDT 2019
| Date         : Thu Mar 12 21:41:19 2020
| Host         : jaehee2-tp running 64-bit Ubuntu 19.04
| Command      : upgrade_ip
| Device       : xc7z020clg484-1
------------------------------------------------------------------------------------

Upgrade Log for IP 'design_1_sample_generator_0_0'

1. Summary
----------

SUCCESS in the conversion of design_1_sample_generator_0_0 (user.org:user:sample_generator:1.0 (Rev. 3)) to Vivado generation flows.






Copyright 1986-2019 Xilinx, Inc. All Rights Reserved.
------------------------------------------------------------------------------------
| Tool Version : Vivado v.2019.2 (lin64) Build 2700185 Thu Oct 24 18:45:48 MDT 2019
| Date         : Thu Mar 12 21:33:30 2020
| Host         : jaehee2-tp running 64-bit Ubuntu 19.04
| Command      : upgrade_ip
| Device       : xc7z020clg484-1
------------------------------------------------------------------------------------

Upgrade Log for IP 'design_1_sample_generator_0_0'

1. Summary
----------

SUCCESS in the conversion of design_1_sample_generator_0_0 (user.org:user:sample_generator:1.0 (Rev. 3)) to Vivado generation flows.

